Copyright 1986-2017 Xilinx, Inc. All Rights Reserved.
---------------------------------------------------------------------------------------------------------------------------------------------------------------------
| Tool Version : Vivado v.2017.2 (win64) Build 1909853 Thu Jun 15 18:39:09 MDT 2017
| Date         : Mon Dec  4 19:21:11 2017
| Host         : DESKTOP-L3OJFFP running 64-bit major release  (build 9200)
| Command      : report_methodology -file cnc_controller_design_1_wrapper_methodology_drc_routed.rpt -rpx cnc_controller_design_1_wrapper_methodology_drc_routed.rpx
| Design       : cnc_controller_design_1_wrapper
| Device       : xc7z010clg400-1
| Speed File   : -1
| Design State : Routed
---------------------------------------------------------------------------------------------------------------------------------------------------------------------

Report Methodology

Table of Contents
-----------------
1. REPORT SUMMARY
2. REPORT DETAILS

1. REPORT SUMMARY
-----------------
            Netlist: netlist
          Floorplan: design_1
      Design limits: <entire design considered>
             Max violations: <unlimited>
             Violations found: 123
+-----------+----------+-------------------------------------------------+------------+
| Rule      | Severity | Description                                     | Violations |
+-----------+----------+-------------------------------------------------+------------+
| PDRC-190  | Warning  | Suboptimally placed synchronized register chain | 2          |
| TIMING-17 | Warning  | Non-clocked sequential cell                     | 65         |
| TIMING-18 | Warning  | Missing input or output delay                   | 24         |
| TIMING-20 | Warning  | Non-clocked latch                               | 32         |
+-----------+----------+-------------------------------------------------+------------+

2. REPORT DETAILS
-----------------
PDRC-190#1 Warning
Suboptimally placed synchronized register chain  
The FDPE cell cnc_controller_design_1_i/axi_interconnect_1/m00_couplers/m00_data_fifo/inst/gen_fifo.fifo_gen_inst/inst_fifo_gen/gaxi_full_lite.gread_ch.grdch2.axi_rdch/grf.rf/rstblk/ngwrdrst.grst.g7serrst.rst_wr_reg2_reg in site SLICE_X18Y0 is part of a synchronized register chain that is suboptimally placed as the load FDRE cell cnc_controller_design_1_i/axi_interconnect_1/m00_couplers/m00_data_fifo/inst/gen_fifo.fifo_gen_inst/inst_fifo_gen/gaxi_full_lite.gread_ch.grdch2.axi_rdch/grf.rf/rstblk/ngwrdrst.grst.g7serrst.gsckt_wrst.garst_sync[1].arst_sync_inst/Q_reg_reg[0] is not placed in the same (SLICE) site.
Related violations: <none>

PDRC-190#2 Warning
Suboptimally placed synchronized register chain  
The FDPE cell cnc_controller_design_1_i/axi_interconnect_1/m00_couplers/m00_data_fifo/inst/gen_fifo.fifo_gen_inst/inst_fifo_gen/gaxi_full_lite.gwrite_ch.gwdch2.axi_wdch/grf.rf/rstblk/ngwrdrst.grst.g7serrst.rst_wr_reg2_reg in site SLICE_X10Y2 is part of a synchronized register chain that is suboptimally placed as the load FDRE cell cnc_controller_design_1_i/axi_interconnect_1/m00_couplers/m00_data_fifo/inst/gen_fifo.fifo_gen_inst/inst_fifo_gen/gaxi_full_lite.gwrite_ch.gwdch2.axi_wdch/grf.rf/rstblk/ngwrdrst.grst.g7serrst.gsckt_wrst.garst_sync[1].arst_sync_inst/Q_reg_reg[0] is not placed in the same (SLICE) site.
Related violations: <none>

TIMING-17#1 Warning
Non-clocked sequential cell  
The clock pin cnc_controller_design_1_i/hdmi_interface_0/U0/hdmi_interface_v1_0_hdmi_interface_inst/hdmi_interface_inst/DVID/TMDS_encoder_BLUE/dc_bias_reg[0]/C is not reached by a timing clock
Related violations: <none>

TIMING-17#2 Warning
Non-clocked sequential cell  
The clock pin cnc_controller_design_1_i/hdmi_interface_0/U0/hdmi_interface_v1_0_hdmi_interface_inst/hdmi_interface_inst/DVID/TMDS_encoder_BLUE/dc_bias_reg[1]/C is not reached by a timing clock
Related violations: <none>

TIMING-17#3 Warning
Non-clocked sequential cell  
The clock pin cnc_controller_design_1_i/hdmi_interface_0/U0/hdmi_interface_v1_0_hdmi_interface_inst/hdmi_interface_inst/DVID/TMDS_encoder_BLUE/dc_bias_reg[2]/C is not reached by a timing clock
Related violations: <none>

TIMING-17#4 Warning
Non-clocked sequential cell  
The clock pin cnc_controller_design_1_i/hdmi_interface_0/U0/hdmi_interface_v1_0_hdmi_interface_inst/hdmi_interface_inst/DVID/TMDS_encoder_BLUE/dc_bias_reg[3]/C is not reached by a timing clock
Related violations: <none>

TIMING-17#5 Warning
Non-clocked sequential cell  
The clock pin cnc_controller_design_1_i/hdmi_interface_0/U0/hdmi_interface_v1_0_hdmi_interface_inst/hdmi_interface_inst/DVID/TMDS_encoder_BLUE/encoded_reg[0]/C is not reached by a timing clock
Related violations: <none>

TIMING-17#6 Warning
Non-clocked sequential cell  
The clock pin cnc_controller_design_1_i/hdmi_interface_0/U0/hdmi_interface_v1_0_hdmi_interface_inst/hdmi_interface_inst/DVID/TMDS_encoder_BLUE/encoded_reg[1]/C is not reached by a timing clock
Related violations: <none>

TIMING-17#7 Warning
Non-clocked sequential cell  
The clock pin cnc_controller_design_1_i/hdmi_interface_0/U0/hdmi_interface_v1_0_hdmi_interface_inst/hdmi_interface_inst/DVID/TMDS_encoder_BLUE/encoded_reg[2]/C is not reached by a timing clock
Related violations: <none>

TIMING-17#8 Warning
Non-clocked sequential cell  
The clock pin cnc_controller_design_1_i/hdmi_interface_0/U0/hdmi_interface_v1_0_hdmi_interface_inst/hdmi_interface_inst/DVID/TMDS_encoder_BLUE/encoded_reg[3]/C is not reached by a timing clock
Related violations: <none>

TIMING-17#9 Warning
Non-clocked sequential cell  
The clock pin cnc_controller_design_1_i/hdmi_interface_0/U0/hdmi_interface_v1_0_hdmi_interface_inst/hdmi_interface_inst/DVID/TMDS_encoder_BLUE/encoded_reg[4]/C is not reached by a timing clock
Related violations: <none>

TIMING-17#10 Warning
Non-clocked sequential cell  
The clock pin cnc_controller_design_1_i/hdmi_interface_0/U0/hdmi_interface_v1_0_hdmi_interface_inst/hdmi_interface_inst/DVID/TMDS_encoder_BLUE/encoded_reg[5]/C is not reached by a timing clock
Related violations: <none>

TIMING-17#11 Warning
Non-clocked sequential cell  
The clock pin cnc_controller_design_1_i/hdmi_interface_0/U0/hdmi_interface_v1_0_hdmi_interface_inst/hdmi_interface_inst/DVID/TMDS_encoder_BLUE/encoded_reg[6]/C is not reached by a timing clock
Related violations: <none>

TIMING-17#12 Warning
Non-clocked sequential cell  
The clock pin cnc_controller_design_1_i/hdmi_interface_0/U0/hdmi_interface_v1_0_hdmi_interface_inst/hdmi_interface_inst/DVID/TMDS_encoder_BLUE/encoded_reg[7]/C is not reached by a timing clock
Related violations: <none>

TIMING-17#13 Warning
Non-clocked sequential cell  
The clock pin cnc_controller_design_1_i/hdmi_interface_0/U0/hdmi_interface_v1_0_hdmi_interface_inst/hdmi_interface_inst/DVID/TMDS_encoder_BLUE/encoded_reg[8]/C is not reached by a timing clock
Related violations: <none>

TIMING-17#14 Warning
Non-clocked sequential cell  
The clock pin cnc_controller_design_1_i/hdmi_interface_0/U0/hdmi_interface_v1_0_hdmi_interface_inst/hdmi_interface_inst/DVID/TMDS_encoder_BLUE/encoded_reg[9]/C is not reached by a timing clock
Related violations: <none>

TIMING-17#15 Warning
Non-clocked sequential cell  
The clock pin cnc_controller_design_1_i/hdmi_interface_0/U0/hdmi_interface_v1_0_hdmi_interface_inst/hdmi_interface_inst/DVID/TMDS_encoder_GREEN/dc_bias_reg[0]/C is not reached by a timing clock
Related violations: <none>

TIMING-17#16 Warning
Non-clocked sequential cell  
The clock pin cnc_controller_design_1_i/hdmi_interface_0/U0/hdmi_interface_v1_0_hdmi_interface_inst/hdmi_interface_inst/DVID/TMDS_encoder_GREEN/dc_bias_reg[1]/C is not reached by a timing clock
Related violations: <none>

TIMING-17#17 Warning
Non-clocked sequential cell  
The clock pin cnc_controller_design_1_i/hdmi_interface_0/U0/hdmi_interface_v1_0_hdmi_interface_inst/hdmi_interface_inst/DVID/TMDS_encoder_GREEN/dc_bias_reg[2]/C is not reached by a timing clock
Related violations: <none>

TIMING-17#18 Warning
Non-clocked sequential cell  
The clock pin cnc_controller_design_1_i/hdmi_interface_0/U0/hdmi_interface_v1_0_hdmi_interface_inst/hdmi_interface_inst/DVID/TMDS_encoder_GREEN/dc_bias_reg[3]/C is not reached by a timing clock
Related violations: <none>

TIMING-17#19 Warning
Non-clocked sequential cell  
The clock pin cnc_controller_design_1_i/hdmi_interface_0/U0/hdmi_interface_v1_0_hdmi_interface_inst/hdmi_interface_inst/DVID/TMDS_encoder_GREEN/encoded_reg[0]/C is not reached by a timing clock
Related violations: <none>

TIMING-17#20 Warning
Non-clocked sequential cell  
The clock pin cnc_controller_design_1_i/hdmi_interface_0/U0/hdmi_interface_v1_0_hdmi_interface_inst/hdmi_interface_inst/DVID/TMDS_encoder_GREEN/encoded_reg[1]/C is not reached by a timing clock
Related violations: <none>

TIMING-17#21 Warning
Non-clocked sequential cell  
The clock pin cnc_controller_design_1_i/hdmi_interface_0/U0/hdmi_interface_v1_0_hdmi_interface_inst/hdmi_interface_inst/DVID/TMDS_encoder_GREEN/encoded_reg[2]/C is not reached by a timing clock
Related violations: <none>

TIMING-17#22 Warning
Non-clocked sequential cell  
The clock pin cnc_controller_design_1_i/hdmi_interface_0/U0/hdmi_interface_v1_0_hdmi_interface_inst/hdmi_interface_inst/DVID/TMDS_encoder_GREEN/encoded_reg[3]/C is not reached by a timing clock
Related violations: <none>

TIMING-17#23 Warning
Non-clocked sequential cell  
The clock pin cnc_controller_design_1_i/hdmi_interface_0/U0/hdmi_interface_v1_0_hdmi_interface_inst/hdmi_interface_inst/DVID/TMDS_encoder_GREEN/encoded_reg[4]/C is not reached by a timing clock
Related violations: <none>

TIMING-17#24 Warning
Non-clocked sequential cell  
The clock pin cnc_controller_design_1_i/hdmi_interface_0/U0/hdmi_interface_v1_0_hdmi_interface_inst/hdmi_interface_inst/DVID/TMDS_encoder_GREEN/encoded_reg[5]/C is not reached by a timing clock
Related violations: <none>

TIMING-17#25 Warning
Non-clocked sequential cell  
The clock pin cnc_controller_design_1_i/hdmi_interface_0/U0/hdmi_interface_v1_0_hdmi_interface_inst/hdmi_interface_inst/DVID/TMDS_encoder_GREEN/encoded_reg[6]/C is not reached by a timing clock
Related violations: <none>

TIMING-17#26 Warning
Non-clocked sequential cell  
The clock pin cnc_controller_design_1_i/hdmi_interface_0/U0/hdmi_interface_v1_0_hdmi_interface_inst/hdmi_interface_inst/DVID/TMDS_encoder_GREEN/encoded_reg[7]/C is not reached by a timing clock
Related violations: <none>

TIMING-17#27 Warning
Non-clocked sequential cell  
The clock pin cnc_controller_design_1_i/hdmi_interface_0/U0/hdmi_interface_v1_0_hdmi_interface_inst/hdmi_interface_inst/DVID/TMDS_encoder_GREEN/encoded_reg[8]/C is not reached by a timing clock
Related violations: <none>

TIMING-17#28 Warning
Non-clocked sequential cell  
The clock pin cnc_controller_design_1_i/hdmi_interface_0/U0/hdmi_interface_v1_0_hdmi_interface_inst/hdmi_interface_inst/DVID/TMDS_encoder_GREEN/encoded_reg[9]/C is not reached by a timing clock
Related violations: <none>

TIMING-17#29 Warning
Non-clocked sequential cell  
The clock pin cnc_controller_design_1_i/hdmi_interface_0/U0/hdmi_interface_v1_0_hdmi_interface_inst/hdmi_interface_inst/DVID/TMDS_encoder_RED/dc_bias_reg[0]/C is not reached by a timing clock
Related violations: <none>

TIMING-17#30 Warning
Non-clocked sequential cell  
The clock pin cnc_controller_design_1_i/hdmi_interface_0/U0/hdmi_interface_v1_0_hdmi_interface_inst/hdmi_interface_inst/DVID/TMDS_encoder_RED/dc_bias_reg[1]/C is not reached by a timing clock
Related violations: <none>

TIMING-17#31 Warning
Non-clocked sequential cell  
The clock pin cnc_controller_design_1_i/hdmi_interface_0/U0/hdmi_interface_v1_0_hdmi_interface_inst/hdmi_interface_inst/DVID/TMDS_encoder_RED/dc_bias_reg[2]/C is not reached by a timing clock
Related violations: <none>

TIMING-17#32 Warning
Non-clocked sequential cell  
The clock pin cnc_controller_design_1_i/hdmi_interface_0/U0/hdmi_interface_v1_0_hdmi_interface_inst/hdmi_interface_inst/DVID/TMDS_encoder_RED/dc_bias_reg[3]/C is not reached by a timing clock
Related violations: <none>

TIMING-17#33 Warning
Non-clocked sequential cell  
The clock pin cnc_controller_design_1_i/hdmi_interface_0/U0/hdmi_interface_v1_0_hdmi_interface_inst/hdmi_interface_inst/DVID/TMDS_encoder_RED/encoded_reg[0]/C is not reached by a timing clock
Related violations: <none>

TIMING-17#34 Warning
Non-clocked sequential cell  
The clock pin cnc_controller_design_1_i/hdmi_interface_0/U0/hdmi_interface_v1_0_hdmi_interface_inst/hdmi_interface_inst/DVID/TMDS_encoder_RED/encoded_reg[1]/C is not reached by a timing clock
Related violations: <none>

TIMING-17#35 Warning
Non-clocked sequential cell  
The clock pin cnc_controller_design_1_i/hdmi_interface_0/U0/hdmi_interface_v1_0_hdmi_interface_inst/hdmi_interface_inst/DVID/TMDS_encoder_RED/encoded_reg[2]/C is not reached by a timing clock
Related violations: <none>

TIMING-17#36 Warning
Non-clocked sequential cell  
The clock pin cnc_controller_design_1_i/hdmi_interface_0/U0/hdmi_interface_v1_0_hdmi_interface_inst/hdmi_interface_inst/DVID/TMDS_encoder_RED/encoded_reg[3]/C is not reached by a timing clock
Related violations: <none>

TIMING-17#37 Warning
Non-clocked sequential cell  
The clock pin cnc_controller_design_1_i/hdmi_interface_0/U0/hdmi_interface_v1_0_hdmi_interface_inst/hdmi_interface_inst/DVID/TMDS_encoder_RED/encoded_reg[4]/C is not reached by a timing clock
Related violations: <none>

TIMING-17#38 Warning
Non-clocked sequential cell  
The clock pin cnc_controller_design_1_i/hdmi_interface_0/U0/hdmi_interface_v1_0_hdmi_interface_inst/hdmi_interface_inst/DVID/TMDS_encoder_RED/encoded_reg[5]/C is not reached by a timing clock
Related violations: <none>

TIMING-17#39 Warning
Non-clocked sequential cell  
The clock pin cnc_controller_design_1_i/hdmi_interface_0/U0/hdmi_interface_v1_0_hdmi_interface_inst/hdmi_interface_inst/DVID/TMDS_encoder_RED/encoded_reg[6]/C is not reached by a timing clock
Related violations: <none>

TIMING-17#40 Warning
Non-clocked sequential cell  
The clock pin cnc_controller_design_1_i/hdmi_interface_0/U0/hdmi_interface_v1_0_hdmi_interface_inst/hdmi_interface_inst/DVID/TMDS_encoder_RED/encoded_reg[7]/C is not reached by a timing clock
Related violations: <none>

TIMING-17#41 Warning
Non-clocked sequential cell  
The clock pin cnc_controller_design_1_i/hdmi_interface_0/U0/hdmi_interface_v1_0_hdmi_interface_inst/hdmi_interface_inst/DVID/TMDS_encoder_RED/encoded_reg[8]/C is not reached by a timing clock
Related violations: <none>

TIMING-17#42 Warning
Non-clocked sequential cell  
The clock pin cnc_controller_design_1_i/hdmi_interface_0/U0/hdmi_interface_v1_0_hdmi_interface_inst/hdmi_interface_inst/DVID/TMDS_encoder_RED/encoded_reg[9]/C is not reached by a timing clock
Related violations: <none>

TIMING-17#43 Warning
Non-clocked sequential cell  
The clock pin cnc_controller_design_1_i/hdmi_interface_0/U0/hdmi_interface_v1_0_hdmi_interface_inst/hdmi_interface_inst/VGA/VGA_pg/h_count_reg_reg[0]/C is not reached by a timing clock
Related violations: <none>

TIMING-17#44 Warning
Non-clocked sequential cell  
The clock pin cnc_controller_design_1_i/hdmi_interface_0/U0/hdmi_interface_v1_0_hdmi_interface_inst/hdmi_interface_inst/VGA/VGA_pg/h_count_reg_reg[1]/C is not reached by a timing clock
Related violations: <none>

TIMING-17#45 Warning
Non-clocked sequential cell  
The clock pin cnc_controller_design_1_i/hdmi_interface_0/U0/hdmi_interface_v1_0_hdmi_interface_inst/hdmi_interface_inst/VGA/VGA_pg/h_count_reg_reg[2]/C is not reached by a timing clock
Related violations: <none>

TIMING-17#46 Warning
Non-clocked sequential cell  
The clock pin cnc_controller_design_1_i/hdmi_interface_0/U0/hdmi_interface_v1_0_hdmi_interface_inst/hdmi_interface_inst/VGA/VGA_pg/h_count_reg_reg[3]/C is not reached by a timing clock
Related violations: <none>

TIMING-17#47 Warning
Non-clocked sequential cell  
The clock pin cnc_controller_design_1_i/hdmi_interface_0/U0/hdmi_interface_v1_0_hdmi_interface_inst/hdmi_interface_inst/VGA/VGA_pg/h_count_reg_reg[4]/C is not reached by a timing clock
Related violations: <none>

TIMING-17#48 Warning
Non-clocked sequential cell  
The clock pin cnc_controller_design_1_i/hdmi_interface_0/U0/hdmi_interface_v1_0_hdmi_interface_inst/hdmi_interface_inst/VGA/VGA_pg/h_count_reg_reg[5]/C is not reached by a timing clock
Related violations: <none>

TIMING-17#49 Warning
Non-clocked sequential cell  
The clock pin cnc_controller_design_1_i/hdmi_interface_0/U0/hdmi_interface_v1_0_hdmi_interface_inst/hdmi_interface_inst/VGA/VGA_pg/h_count_reg_reg[6]/C is not reached by a timing clock
Related violations: <none>

TIMING-17#50 Warning
Non-clocked sequential cell  
The clock pin cnc_controller_design_1_i/hdmi_interface_0/U0/hdmi_interface_v1_0_hdmi_interface_inst/hdmi_interface_inst/VGA/VGA_pg/h_count_reg_reg[7]/C is not reached by a timing clock
Related violations: <none>

TIMING-17#51 Warning
Non-clocked sequential cell  
The clock pin cnc_controller_design_1_i/hdmi_interface_0/U0/hdmi_interface_v1_0_hdmi_interface_inst/hdmi_interface_inst/VGA/VGA_pg/h_count_reg_reg[8]/C is not reached by a timing clock
Related violations: <none>

TIMING-17#52 Warning
Non-clocked sequential cell  
The clock pin cnc_controller_design_1_i/hdmi_interface_0/U0/hdmi_interface_v1_0_hdmi_interface_inst/hdmi_interface_inst/VGA/VGA_pg/h_count_reg_reg[9]/C is not reached by a timing clock
Related violations: <none>

TIMING-17#53 Warning
Non-clocked sequential cell  
The clock pin cnc_controller_design_1_i/hdmi_interface_0/U0/hdmi_interface_v1_0_hdmi_interface_inst/hdmi_interface_inst/VGA/VGA_pg/h_sync_reg_reg/C is not reached by a timing clock
Related violations: <none>

TIMING-17#54 Warning
Non-clocked sequential cell  
The clock pin cnc_controller_design_1_i/hdmi_interface_0/U0/hdmi_interface_v1_0_hdmi_interface_inst/hdmi_interface_inst/VGA/VGA_pg/v_count_reg_reg[0]/C is not reached by a timing clock
Related violations: <none>

TIMING-17#55 Warning
Non-clocked sequential cell  
The clock pin cnc_controller_design_1_i/hdmi_interface_0/U0/hdmi_interface_v1_0_hdmi_interface_inst/hdmi_interface_inst/VGA/VGA_pg/v_count_reg_reg[1]/C is not reached by a timing clock
Related violations: <none>

TIMING-17#56 Warning
Non-clocked sequential cell  
The clock pin cnc_controller_design_1_i/hdmi_interface_0/U0/hdmi_interface_v1_0_hdmi_interface_inst/hdmi_interface_inst/VGA/VGA_pg/v_count_reg_reg[2]/C is not reached by a timing clock
Related violations: <none>

TIMING-17#57 Warning
Non-clocked sequential cell  
The clock pin cnc_controller_design_1_i/hdmi_interface_0/U0/hdmi_interface_v1_0_hdmi_interface_inst/hdmi_interface_inst/VGA/VGA_pg/v_count_reg_reg[3]/C is not reached by a timing clock
Related violations: <none>

TIMING-17#58 Warning
Non-clocked sequential cell  
The clock pin cnc_controller_design_1_i/hdmi_interface_0/U0/hdmi_interface_v1_0_hdmi_interface_inst/hdmi_interface_inst/VGA/VGA_pg/v_count_reg_reg[4]/C is not reached by a timing clock
Related violations: <none>

TIMING-17#59 Warning
Non-clocked sequential cell  
The clock pin cnc_controller_design_1_i/hdmi_interface_0/U0/hdmi_interface_v1_0_hdmi_interface_inst/hdmi_interface_inst/VGA/VGA_pg/v_count_reg_reg[5]/C is not reached by a timing clock
Related violations: <none>

TIMING-17#60 Warning
Non-clocked sequential cell  
The clock pin cnc_controller_design_1_i/hdmi_interface_0/U0/hdmi_interface_v1_0_hdmi_interface_inst/hdmi_interface_inst/VGA/VGA_pg/v_count_reg_reg[6]/C is not reached by a timing clock
Related violations: <none>

TIMING-17#61 Warning
Non-clocked sequential cell  
The clock pin cnc_controller_design_1_i/hdmi_interface_0/U0/hdmi_interface_v1_0_hdmi_interface_inst/hdmi_interface_inst/VGA/VGA_pg/v_count_reg_reg[7]/C is not reached by a timing clock
Related violations: <none>

TIMING-17#62 Warning
Non-clocked sequential cell  
The clock pin cnc_controller_design_1_i/hdmi_interface_0/U0/hdmi_interface_v1_0_hdmi_interface_inst/hdmi_interface_inst/VGA/VGA_pg/v_count_reg_reg[8]/C is not reached by a timing clock
Related violations: <none>

TIMING-17#63 Warning
Non-clocked sequential cell  
The clock pin cnc_controller_design_1_i/hdmi_interface_0/U0/hdmi_interface_v1_0_hdmi_interface_inst/hdmi_interface_inst/VGA/VGA_pg/v_count_reg_reg[9]/C is not reached by a timing clock
Related violations: <none>

TIMING-17#64 Warning
Non-clocked sequential cell  
The clock pin cnc_controller_design_1_i/hdmi_interface_0/U0/hdmi_interface_v1_0_hdmi_interface_inst/hdmi_interface_inst/VGA/VGA_pg/v_sync_reg_reg/C is not reached by a timing clock
Related violations: <none>

TIMING-17#65 Warning
Non-clocked sequential cell  
The clock pin cnc_controller_design_1_i/hdmi_interface_0/U0/hdmi_interface_v1_0_hdmi_interface_inst/hdmi_interface_inst/VGA/VGA_pg/video_on_reg/C is not reached by a timing clock
Related violations: <none>

TIMING-18#1 Warning
Missing input or output delay  
An input delay is missing on pl_gpio[0] relative to clock(s) CLK_100 
Related violations: <none>

TIMING-18#2 Warning
Missing input or output delay  
An input delay is missing on pl_gpio[1] relative to clock(s) CLK_100 
Related violations: <none>

TIMING-18#3 Warning
Missing input or output delay  
An input delay is missing on pl_gpio[2] relative to clock(s) CLK_100 
Related violations: <none>

TIMING-18#4 Warning
Missing input or output delay  
An input delay is missing on pl_gpio[3] relative to clock(s) CLK_100 
Related violations: <none>

TIMING-18#5 Warning
Missing input or output delay  
An input delay is missing on pl_gpio[4] relative to clock(s) CLK_100 
Related violations: <none>

TIMING-18#6 Warning
Missing input or output delay  
An input delay is missing on pl_gpio[5] relative to clock(s) CLK_100 
Related violations: <none>

TIMING-18#7 Warning
Missing input or output delay  
An input delay is missing on pl_gpio[6] relative to clock(s) CLK_100 
Related violations: <none>

TIMING-18#8 Warning
Missing input or output delay  
An input delay is missing on pl_gpio[7] relative to clock(s) CLK_100 
Related violations: <none>

TIMING-18#9 Warning
Missing input or output delay  
An output delay is missing on PWM_OUT[0] relative to clock(s) CLK_100 
Related violations: <none>

TIMING-18#10 Warning
Missing input or output delay  
An output delay is missing on PWM_OUT[1] relative to clock(s) CLK_100 
Related violations: <none>

TIMING-18#11 Warning
Missing input or output delay  
An output delay is missing on PWM_OUT[2] relative to clock(s) CLK_100 
Related violations: <none>

TIMING-18#12 Warning
Missing input or output delay  
An output delay is missing on PWM_OUT[3] relative to clock(s) CLK_100 
Related violations: <none>

TIMING-18#13 Warning
Missing input or output delay  
An output delay is missing on PWM_OUT[4] relative to clock(s) CLK_100 
Related violations: <none>

TIMING-18#14 Warning
Missing input or output delay  
An output delay is missing on PWM_OUT[5] relative to clock(s) CLK_100 
Related violations: <none>

TIMING-18#15 Warning
Missing input or output delay  
An output delay is missing on PWM_OUT[6] relative to clock(s) CLK_100 
Related violations: <none>

TIMING-18#16 Warning
Missing input or output delay  
An output delay is missing on PWM_OUT[7] relative to clock(s) CLK_100 
Related violations: <none>

TIMING-18#17 Warning
Missing input or output delay  
An output delay is missing on hdmi_tx_clk_n relative to clock(s) CLK_100 
Related violations: <none>

TIMING-18#18 Warning
Missing input or output delay  
An output delay is missing on hdmi_tx_clk_p relative to clock(s) CLK_100 
Related violations: <none>

TIMING-18#19 Warning
Missing input or output delay  
An output delay is missing on hdmi_tx_n[0] relative to clock(s) CLK_100 
Related violations: <none>

TIMING-18#20 Warning
Missing input or output delay  
An output delay is missing on hdmi_tx_n[1] relative to clock(s) CLK_100 
Related violations: <none>

TIMING-18#21 Warning
Missing input or output delay  
An output delay is missing on hdmi_tx_n[2] relative to clock(s) CLK_100 
Related violations: <none>

TIMING-18#22 Warning
Missing input or output delay  
An output delay is missing on hdmi_tx_p[0] relative to clock(s) CLK_100 
Related violations: <none>

TIMING-18#23 Warning
Missing input or output delay  
An output delay is missing on hdmi_tx_p[1] relative to clock(s) CLK_100 
Related violations: <none>

TIMING-18#24 Warning
Missing input or output delay  
An output delay is missing on hdmi_tx_p[2] relative to clock(s) CLK_100 
Related violations: <none>

TIMING-20#1 Warning
Non-clocked latch  
The latch cnc_controller_design_1_i/pl_pwm_0/U0/pl_pwm_v1_0_S00_AXI_inst/reg_data_out_reg[0] cannot be properly analyzed as its control pin cnc_controller_design_1_i/pl_pwm_0/U0/pl_pwm_v1_0_S00_AXI_inst/reg_data_out_reg[0]/G is not reached by a timing clock
Related violations: <none>

TIMING-20#2 Warning
Non-clocked latch  
The latch cnc_controller_design_1_i/pl_pwm_0/U0/pl_pwm_v1_0_S00_AXI_inst/reg_data_out_reg[10] cannot be properly analyzed as its control pin cnc_controller_design_1_i/pl_pwm_0/U0/pl_pwm_v1_0_S00_AXI_inst/reg_data_out_reg[10]/G is not reached by a timing clock
Related violations: <none>

TIMING-20#3 Warning
Non-clocked latch  
The latch cnc_controller_design_1_i/pl_pwm_0/U0/pl_pwm_v1_0_S00_AXI_inst/reg_data_out_reg[11] cannot be properly analyzed as its control pin cnc_controller_design_1_i/pl_pwm_0/U0/pl_pwm_v1_0_S00_AXI_inst/reg_data_out_reg[11]/G is not reached by a timing clock
Related violations: <none>

TIMING-20#4 Warning
Non-clocked latch  
The latch cnc_controller_design_1_i/pl_pwm_0/U0/pl_pwm_v1_0_S00_AXI_inst/reg_data_out_reg[12] cannot be properly analyzed as its control pin cnc_controller_design_1_i/pl_pwm_0/U0/pl_pwm_v1_0_S00_AXI_inst/reg_data_out_reg[12]/G is not reached by a timing clock
Related violations: <none>

TIMING-20#5 Warning
Non-clocked latch  
The latch cnc_controller_design_1_i/pl_pwm_0/U0/pl_pwm_v1_0_S00_AXI_inst/reg_data_out_reg[13] cannot be properly analyzed as its control pin cnc_controller_design_1_i/pl_pwm_0/U0/pl_pwm_v1_0_S00_AXI_inst/reg_data_out_reg[13]/G is not reached by a timing clock
Related violations: <none>

TIMING-20#6 Warning
Non-clocked latch  
The latch cnc_controller_design_1_i/pl_pwm_0/U0/pl_pwm_v1_0_S00_AXI_inst/reg_data_out_reg[14] cannot be properly analyzed as its control pin cnc_controller_design_1_i/pl_pwm_0/U0/pl_pwm_v1_0_S00_AXI_inst/reg_data_out_reg[14]/G is not reached by a timing clock
Related violations: <none>

TIMING-20#7 Warning
Non-clocked latch  
The latch cnc_controller_design_1_i/pl_pwm_0/U0/pl_pwm_v1_0_S00_AXI_inst/reg_data_out_reg[15] cannot be properly analyzed as its control pin cnc_controller_design_1_i/pl_pwm_0/U0/pl_pwm_v1_0_S00_AXI_inst/reg_data_out_reg[15]/G is not reached by a timing clock
Related violations: <none>

TIMING-20#8 Warning
Non-clocked latch  
The latch cnc_controller_design_1_i/pl_pwm_0/U0/pl_pwm_v1_0_S00_AXI_inst/reg_data_out_reg[16] cannot be properly analyzed as its control pin cnc_controller_design_1_i/pl_pwm_0/U0/pl_pwm_v1_0_S00_AXI_inst/reg_data_out_reg[16]/G is not reached by a timing clock
Related violations: <none>

TIMING-20#9 Warning
Non-clocked latch  
The latch cnc_controller_design_1_i/pl_pwm_0/U0/pl_pwm_v1_0_S00_AXI_inst/reg_data_out_reg[17] cannot be properly analyzed as its control pin cnc_controller_design_1_i/pl_pwm_0/U0/pl_pwm_v1_0_S00_AXI_inst/reg_data_out_reg[17]/G is not reached by a timing clock
Related violations: <none>

TIMING-20#10 Warning
Non-clocked latch  
The latch cnc_controller_design_1_i/pl_pwm_0/U0/pl_pwm_v1_0_S00_AXI_inst/reg_data_out_reg[18] cannot be properly analyzed as its control pin cnc_controller_design_1_i/pl_pwm_0/U0/pl_pwm_v1_0_S00_AXI_inst/reg_data_out_reg[18]/G is not reached by a timing clock
Related violations: <none>

TIMING-20#11 Warning
Non-clocked latch  
The latch cnc_controller_design_1_i/pl_pwm_0/U0/pl_pwm_v1_0_S00_AXI_inst/reg_data_out_reg[19] cannot be properly analyzed as its control pin cnc_controller_design_1_i/pl_pwm_0/U0/pl_pwm_v1_0_S00_AXI_inst/reg_data_out_reg[19]/G is not reached by a timing clock
Related violations: <none>

TIMING-20#12 Warning
Non-clocked latch  
The latch cnc_controller_design_1_i/pl_pwm_0/U0/pl_pwm_v1_0_S00_AXI_inst/reg_data_out_reg[1] cannot be properly analyzed as its control pin cnc_controller_design_1_i/pl_pwm_0/U0/pl_pwm_v1_0_S00_AXI_inst/reg_data_out_reg[1]/G is not reached by a timing clock
Related violations: <none>

TIMING-20#13 Warning
Non-clocked latch  
The latch cnc_controller_design_1_i/pl_pwm_0/U0/pl_pwm_v1_0_S00_AXI_inst/reg_data_out_reg[20] cannot be properly analyzed as its control pin cnc_controller_design_1_i/pl_pwm_0/U0/pl_pwm_v1_0_S00_AXI_inst/reg_data_out_reg[20]/G is not reached by a timing clock
Related violations: <none>

TIMING-20#14 Warning
Non-clocked latch  
The latch cnc_controller_design_1_i/pl_pwm_0/U0/pl_pwm_v1_0_S00_AXI_inst/reg_data_out_reg[21] cannot be properly analyzed as its control pin cnc_controller_design_1_i/pl_pwm_0/U0/pl_pwm_v1_0_S00_AXI_inst/reg_data_out_reg[21]/G is not reached by a timing clock
Related violations: <none>

TIMING-20#15 Warning
Non-clocked latch  
The latch cnc_controller_design_1_i/pl_pwm_0/U0/pl_pwm_v1_0_S00_AXI_inst/reg_data_out_reg[22] cannot be properly analyzed as its control pin cnc_controller_design_1_i/pl_pwm_0/U0/pl_pwm_v1_0_S00_AXI_inst/reg_data_out_reg[22]/G is not reached by a timing clock
Related violations: <none>

TIMING-20#16 Warning
Non-clocked latch  
The latch cnc_controller_design_1_i/pl_pwm_0/U0/pl_pwm_v1_0_S00_AXI_inst/reg_data_out_reg[23] cannot be properly analyzed as its control pin cnc_controller_design_1_i/pl_pwm_0/U0/pl_pwm_v1_0_S00_AXI_inst/reg_data_out_reg[23]/G is not reached by a timing clock
Related violations: <none>

TIMING-20#17 Warning
Non-clocked latch  
The latch cnc_controller_design_1_i/pl_pwm_0/U0/pl_pwm_v1_0_S00_AXI_inst/reg_data_out_reg[24] cannot be properly analyzed as its control pin cnc_controller_design_1_i/pl_pwm_0/U0/pl_pwm_v1_0_S00_AXI_inst/reg_data_out_reg[24]/G is not reached by a timing clock
Related violations: <none>

TIMING-20#18 Warning
Non-clocked latch  
The latch cnc_controller_design_1_i/pl_pwm_0/U0/pl_pwm_v1_0_S00_AXI_inst/reg_data_out_reg[25] cannot be properly analyzed as its control pin cnc_controller_design_1_i/pl_pwm_0/U0/pl_pwm_v1_0_S00_AXI_inst/reg_data_out_reg[25]/G is not reached by a timing clock
Related violations: <none>

TIMING-20#19 Warning
Non-clocked latch  
The latch cnc_controller_design_1_i/pl_pwm_0/U0/pl_pwm_v1_0_S00_AXI_inst/reg_data_out_reg[26] cannot be properly analyzed as its control pin cnc_controller_design_1_i/pl_pwm_0/U0/pl_pwm_v1_0_S00_AXI_inst/reg_data_out_reg[26]/G is not reached by a timing clock
Related violations: <none>

TIMING-20#20 Warning
Non-clocked latch  
The latch cnc_controller_design_1_i/pl_pwm_0/U0/pl_pwm_v1_0_S00_AXI_inst/reg_data_out_reg[27] cannot be properly analyzed as its control pin cnc_controller_design_1_i/pl_pwm_0/U0/pl_pwm_v1_0_S00_AXI_inst/reg_data_out_reg[27]/G is not reached by a timing clock
Related violations: <none>

TIMING-20#21 Warning
Non-clocked latch  
The latch cnc_controller_design_1_i/pl_pwm_0/U0/pl_pwm_v1_0_S00_AXI_inst/reg_data_out_reg[28] cannot be properly analyzed as its control pin cnc_controller_design_1_i/pl_pwm_0/U0/pl_pwm_v1_0_S00_AXI_inst/reg_data_out_reg[28]/G is not reached by a timing clock
Related violations: <none>

TIMING-20#22 Warning
Non-clocked latch  
The latch cnc_controller_design_1_i/pl_pwm_0/U0/pl_pwm_v1_0_S00_AXI_inst/reg_data_out_reg[29] cannot be properly analyzed as its control pin cnc_controller_design_1_i/pl_pwm_0/U0/pl_pwm_v1_0_S00_AXI_inst/reg_data_out_reg[29]/G is not reached by a timing clock
Related violations: <none>

TIMING-20#23 Warning
Non-clocked latch  
The latch cnc_controller_design_1_i/pl_pwm_0/U0/pl_pwm_v1_0_S00_AXI_inst/reg_data_out_reg[2] cannot be properly analyzed as its control pin cnc_controller_design_1_i/pl_pwm_0/U0/pl_pwm_v1_0_S00_AXI_inst/reg_data_out_reg[2]/G is not reached by a timing clock
Related violations: <none>

TIMING-20#24 Warning
Non-clocked latch  
The latch cnc_controller_design_1_i/pl_pwm_0/U0/pl_pwm_v1_0_S00_AXI_inst/reg_data_out_reg[30] cannot be properly analyzed as its control pin cnc_controller_design_1_i/pl_pwm_0/U0/pl_pwm_v1_0_S00_AXI_inst/reg_data_out_reg[30]/G is not reached by a timing clock
Related violations: <none>

TIMING-20#25 Warning
Non-clocked latch  
The latch cnc_controller_design_1_i/pl_pwm_0/U0/pl_pwm_v1_0_S00_AXI_inst/reg_data_out_reg[31] cannot be properly analyzed as its control pin cnc_controller_design_1_i/pl_pwm_0/U0/pl_pwm_v1_0_S00_AXI_inst/reg_data_out_reg[31]/G is not reached by a timing clock
Related violations: <none>

TIMING-20#26 Warning
Non-clocked latch  
The latch cnc_controller_design_1_i/pl_pwm_0/U0/pl_pwm_v1_0_S00_AXI_inst/reg_data_out_reg[3] cannot be properly analyzed as its control pin cnc_controller_design_1_i/pl_pwm_0/U0/pl_pwm_v1_0_S00_AXI_inst/reg_data_out_reg[3]/G is not reached by a timing clock
Related violations: <none>

TIMING-20#27 Warning
Non-clocked latch  
The latch cnc_controller_design_1_i/pl_pwm_0/U0/pl_pwm_v1_0_S00_AXI_inst/reg_data_out_reg[4] cannot be properly analyzed as its control pin cnc_controller_design_1_i/pl_pwm_0/U0/pl_pwm_v1_0_S00_AXI_inst/reg_data_out_reg[4]/G is not reached by a timing clock
Related violations: <none>

TIMING-20#28 Warning
Non-clocked latch  
The latch cnc_controller_design_1_i/pl_pwm_0/U0/pl_pwm_v1_0_S00_AXI_inst/reg_data_out_reg[5] cannot be properly analyzed as its control pin cnc_controller_design_1_i/pl_pwm_0/U0/pl_pwm_v1_0_S00_AXI_inst/reg_data_out_reg[5]/G is not reached by a timing clock
Related violations: <none>

TIMING-20#29 Warning
Non-clocked latch  
The latch cnc_controller_design_1_i/pl_pwm_0/U0/pl_pwm_v1_0_S00_AXI_inst/reg_data_out_reg[6] cannot be properly analyzed as its control pin cnc_controller_design_1_i/pl_pwm_0/U0/pl_pwm_v1_0_S00_AXI_inst/reg_data_out_reg[6]/G is not reached by a timing clock
Related violations: <none>

TIMING-20#30 Warning
Non-clocked latch  
The latch cnc_controller_design_1_i/pl_pwm_0/U0/pl_pwm_v1_0_S00_AXI_inst/reg_data_out_reg[7] cannot be properly analyzed as its control pin cnc_controller_design_1_i/pl_pwm_0/U0/pl_pwm_v1_0_S00_AXI_inst/reg_data_out_reg[7]/G is not reached by a timing clock
Related violations: <none>

TIMING-20#31 Warning
Non-clocked latch  
The latch cnc_controller_design_1_i/pl_pwm_0/U0/pl_pwm_v1_0_S00_AXI_inst/reg_data_out_reg[8] cannot be properly analyzed as its control pin cnc_controller_design_1_i/pl_pwm_0/U0/pl_pwm_v1_0_S00_AXI_inst/reg_data_out_reg[8]/G is not reached by a timing clock
Related violations: <none>

TIMING-20#32 Warning
Non-clocked latch  
The latch cnc_controller_design_1_i/pl_pwm_0/U0/pl_pwm_v1_0_S00_AXI_inst/reg_data_out_reg[9] cannot be properly analyzed as its control pin cnc_controller_design_1_i/pl_pwm_0/U0/pl_pwm_v1_0_S00_AXI_inst/reg_data_out_reg[9]/G is not reached by a timing clock
Related violations: <none>


